<?xml version="1.0" encoding="UTF-8"?>
<!-- Generated by org.testng.reporters.JUnitReportReporter -->
<testsuite hostname="LAPTOP-HL9EOCAP" failures="0" tests="1" name="com.ownproject.testscript.CreateCampaign" time="18.702" errors="0" timestamp="2024-04-05T00:25:59 IST" skipped="0">
  <testcase classname="com.ownproject.testscript.CreateCampaign" name="testtestCreatecampaign" time="18.702"/>
  <system-out/>
</testsuite> <!-- com.ownproject.testscript.CreateCampaign -->
